<?xml version="1.0" encoding="UTF-8"?>
<!-- Generated by org.testng.reporters.JUnitXMLReporter -->
<testsuite ignored="0" hostname="DESKTOP-CP4E9UP" failures="0" tests="4" name="Default test" time="2.698" errors="0" timestamp="2022-09-21T18:27:38 IST">
  <testcase classname="HRM.LOGIN_TEST" name="@BeforeClass Setup" time="2.543">
    <failure type="org.openqa.selenium.SessionNotCreatedException" message="Could not start a new session. Response code 500. Message: session not created: This version of ChromeDriver only supports Chrome version 102
Current browser version is 105.0.5195.102 with binary path C:\Program Files\Google\Chrome\Application\chrome.exe
Build info: version: &amp;apos;4.1.2&amp;apos;, revision: &amp;apos;9a5a329c5a&amp;apos;
System info: host: &amp;apos;DESKTOP-CP4E9UP&amp;apos;, ip: &amp;apos;192.168.60.68&amp;apos;, os.name: &amp;apos;Windows 10&amp;apos;, os.arch: &amp;apos;amd64&amp;apos;, os.version: &amp;apos;10.0&amp;apos;, java.version: &amp;apos;17.0.2&amp;apos;
Driver info: org.openqa.selenium.chrome.ChromeDriver
Command: [null, newSession {capabilities=[Capabilities {browserName: chrome, goog:chromeOptions: {args: [], extensions: []}}], desiredCapabilities=Capabilities {browserName: chrome, goog:chromeOptions: {args: [], extensions: []}}}]">
      <![CDATA[org.openqa.selenium.SessionNotCreatedException: Could not start a new session. Response code 500. Message: session not created: This version of ChromeDriver only supports Chrome version 102
Current browser version is 105.0.5195.102 with binary path C:\Program Files\Google\Chrome\Application\chrome.exe
Build info: version: '4.1.2', revision: '9a5a329c5a'
System info: host: 'DESKTOP-CP4E9UP', ip: '192.168.60.68', os.name: 'Windows 10', os.arch: 'amd64', os.version: '10.0', java.version: '17.0.2'
Driver info: org.openqa.selenium.chrome.ChromeDriver
Command: [null, newSession {capabilities=[Capabilities {browserName: chrome, goog:chromeOptions: {args: [], extensions: []}}], desiredCapabilities=Capabilities {browserName: chrome, goog:chromeOptions: {args: [], extensions: []}}}]
at org.openqa.selenium.remote.ProtocolHandshake.createSession(ProtocolHandshake.java:126)
at org.openqa.selenium.remote.ProtocolHandshake.createSession(ProtocolHandshake.java:84)
at org.openqa.selenium.remote.ProtocolHandshake.createSession(ProtocolHandshake.java:62)
at org.openqa.selenium.remote.HttpCommandExecutor.execute(HttpCommandExecutor.java:156)
at org.openqa.selenium.remote.service.DriverCommandExecutor.invokeExecute(DriverCommandExecutor.java:167)
at org.openqa.selenium.remote.service.DriverCommandExecutor.execute(DriverCommandExecutor.java:142)
at org.openqa.selenium.remote.RemoteWebDriver.execute(RemoteWebDriver.java:558)
at org.openqa.selenium.remote.RemoteWebDriver.startSession(RemoteWebDriver.java:245)
at org.openqa.selenium.remote.RemoteWebDriver.<init>(RemoteWebDriver.java:161)
at org.openqa.selenium.chromium.ChromiumDriver.<init>(ChromiumDriver.java:108)
at org.openqa.selenium.chrome.ChromeDriver.<init>(ChromeDriver.java:106)
at org.openqa.selenium.chrome.ChromeDriver.<init>(ChromeDriver.java:93)
at org.openqa.selenium.chrome.ChromeDriver.<init>(ChromeDriver.java:48)
at HRM.LOGIN_TEST.Setup(LOGIN_TEST.java:21)
at java.base/jdk.internal.reflect.NativeMethodAccessorImpl.invoke0(Native Method)
at java.base/jdk.internal.reflect.NativeMethodAccessorImpl.invoke(NativeMethodAccessorImpl.java:77)
at java.base/jdk.internal.reflect.DelegatingMethodAccessorImpl.invoke(DelegatingMethodAccessorImpl.java:43)
at java.base/java.lang.reflect.Method.invoke(Method.java:568)
at org.testng.internal.MethodInvocationHelper.invokeMethod(MethodInvocationHelper.java:133)
at org.testng.internal.MethodInvocationHelper.invokeMethodConsideringTimeout(MethodInvocationHelper.java:62)
at org.testng.internal.ConfigInvoker.invokeConfigurationMethod(ConfigInvoker.java:385)
at org.testng.internal.ConfigInvoker.invokeConfigurations(ConfigInvoker.java:321)
at org.testng.internal.TestMethodWorker.invokeBeforeClassMethods(TestMethodWorker.java:176)
at org.testng.internal.TestMethodWorker.run(TestMethodWorker.java:122)
at java.base/java.util.ArrayList.forEach(ArrayList.java:1511)
at org.testng.TestRunner.privateRun(TestRunner.java:794)
at org.testng.TestRunner.run(TestRunner.java:596)
at org.testng.SuiteRunner.runTest(SuiteRunner.java:377)
at org.testng.SuiteRunner.runSequentially(SuiteRunner.java:371)
at org.testng.SuiteRunner.privateRun(SuiteRunner.java:332)
at org.testng.SuiteRunner.run(SuiteRunner.java:276)
at org.testng.SuiteRunnerWorker.runSuite(SuiteRunnerWorker.java:53)
at org.testng.SuiteRunnerWorker.run(SuiteRunnerWorker.java:96)
at org.testng.TestNG.runSuitesSequentially(TestNG.java:1212)
at org.testng.TestNG.runSuitesLocally(TestNG.java:1134)
at org.testng.TestNG.runSuites(TestNG.java:1063)
at org.testng.TestNG.run(TestNG.java:1031)
at org.testng.remote.AbstractRemoteTestNG.run(AbstractRemoteTestNG.java:115)
at org.testng.remote.RemoteTestNG.initAndRun(RemoteTestNG.java:251)
at org.testng.remote.RemoteTestNG.main(RemoteTestNG.java:77)
]]>
    </failure>
  </testcase> <!-- @BeforeClass Setup -->
  <testcase classname="HRM.LOGIN_TEST" name="@BeforeMethod OpenBrowser" time="-1.663765058618E9">
    <skipped/>
  </testcase> <!-- @BeforeMethod OpenBrowser -->
  <testcase classname="HRM.LOGIN_TEST" name="@AfterMethod PostSignIn" time="-1.663765058634E9">
    <skipped/>
  </testcase> <!-- @AfterMethod PostSignIn -->
  <testcase classname="HRM.LOGIN_TEST" name="@BeforeMethod OpenBrowser" time="-1.663765058645E9">
    <skipped/>
  </testcase> <!-- @BeforeMethod OpenBrowser -->
  <testcase classname="HRM.LOGIN_TEST" name="@AfterMethod PostSignIn" time="-1.663765058662E9">
    <skipped/>
  </testcase> <!-- @AfterMethod PostSignIn -->
  <testcase classname="HRM.LOGIN_TEST" name="@BeforeMethod OpenBrowser" time="-1.663765058669E9">
    <skipped/>
  </testcase> <!-- @BeforeMethod OpenBrowser -->
  <testcase classname="HRM.LOGIN_TEST" name="@AfterMethod PostSignIn" time="-1.663765058676E9">
    <skipped/>
  </testcase> <!-- @AfterMethod PostSignIn -->
  <testcase classname="HRM.LOGIN_TEST" name="@BeforeMethod OpenBrowser" time="-1.663765058679E9">
    <skipped/>
  </testcase> <!-- @BeforeMethod OpenBrowser -->
  <testcase classname="HRM.LOGIN_TEST" name="@AfterMethod PostSignIn" time="-1.663765058697E9">
    <skipped/>
  </testcase> <!-- @AfterMethod PostSignIn -->
  <testcase classname="HRM.LOGIN_TEST" name="@AfterClass After" time="-1.663765058699E9">
    <skipped/>
  </testcase> <!-- @AfterClass After -->
  <testcase classname="HRM.LOGIN_TEST" name="Credentialone" time="0.0">
    <skipped/>
  </testcase> <!-- Credentialone -->
  <testcase classname="HRM.LOGIN_TEST" name="Credentialtwo" time="0.0">
    <skipped/>
  </testcase> <!-- Credentialtwo -->
  <testcase classname="HRM.LOGIN_TEST" name="Credentialthree" time="0.0">
    <skipped/>
  </testcase> <!-- Credentialthree -->
  <testcase classname="HRM.LOGIN_TEST" name="Credentialfour" time="0.0">
    <skipped/>
  </testcase> <!-- Credentialfour -->
</testsuite> <!-- Default test -->
